<?xml version="1.0" encoding="UTF-8"?>
<testng-results ignored="0" total="1" passed="1" failed="0" skipped="0">
  <reporter-output>
  </reporter-output>
  <suite started-at="2022-11-21T11:38:38 IST" name="Default suite" finished-at="2022-11-21T11:38:40 IST" duration-ms="2244">
    <groups>
    </groups>
    <test started-at="2022-11-21T11:38:38 IST" name="Default test" finished-at="2022-11-21T11:38:40 IST" duration-ms="2244">
      <class name="assessment_gorest.GETListOfUsers">
        <test-method is-config="true" signature="setUp()[pri:0, instance:assessment_gorest.GETListOfUsers@3aa078fd]" started-at="2022-11-21T11:38:38 IST" name="setUp" finished-at="2022-11-21T11:38:38 IST" duration-ms="71" status="PASS">
          <reporter-output>
          </reporter-output>
        </test-method> <!-- setUp -->
        <test-method signature="getResourceList()[pri:0, instance:assessment_gorest.GETListOfUsers@3aa078fd]" started-at="2022-11-21T11:38:38 IST" name="getResourceList" finished-at="2022-11-21T11:38:40 IST" duration-ms="2140" status="PASS">
          <reporter-output>
          </reporter-output>
        </test-method> <!-- getResourceList -->
      </class> <!-- assessment_gorest.GETListOfUsers -->
    </test> <!-- Default test -->
  </suite> <!-- Default suite -->
</testng-results>
